<?xml version="1.0" encoding="UTF-8"?>
<!-- Generated by org.testng.reporters.JUnitXMLReporter -->
<testsuite hostname="DESKTOP-11SJ4LJ" ignored="0" name="WeatherSearchByCityTest" tests="1" failures="1" timestamp="2022-02-17T15:05:20 GMT" time="4.401" errors="0">
  <testcase name="weatherSearch" time="4.256" classname="testcases.WeatherSearchByCityTest">
    <failure type="java.lang.NoSuchMethodError" message="com.google.common.collect.ImmutableMap.of(Ljava/lang/Object;Ljava/lang/Object;Ljava/lang/Object;Ljava/lang/Object;Ljava/lang/Object;Ljava/lang/Object;Ljava/lang/Object;Ljava/lang/Object;Ljava/lang/Object;Ljava/lang/Object;Ljava/lang/Object;Ljava/lang/Object;)Lcom/google/common/collect/ImmutableMap;">
      <![CDATA[java.lang.NoSuchMethodError: com.google.common.collect.ImmutableMap.of(Ljava/lang/Object;Ljava/lang/Object;Ljava/lang/Object;Ljava/lang/Object;Ljava/lang/Object;Ljava/lang/Object;Ljava/lang/Object;Ljava/lang/Object;Ljava/lang/Object;Ljava/lang/Object;Ljava/lang/Object;Ljava/lang/Object;)Lcom/google/common/collect/ImmutableMap;
at org.openqa.selenium.chrome.AddHasCasting.getAdditionalCommands(AddHasCasting.java:38)
at org.openqa.selenium.chrome.ChromeDriver$ChromeDriverCommandExecutor.getExtraCommands(ChromeDriver.java:123)
at org.openqa.selenium.chrome.ChromeDriver$ChromeDriverCommandExecutor.<init>(ChromeDriver.java:118)
at org.openqa.selenium.chrome.ChromeDriver.<init>(ChromeDriver.java:106)
at org.openqa.selenium.chrome.ChromeDriver.<init>(ChromeDriver.java:93)
at org.openqa.selenium.chrome.ChromeDriver.<init>(ChromeDriver.java:48)
at testcases.WeatherSearchByCityTest.weatherSearch(WeatherSearchByCityTest.java:18)
at java.util.ArrayList.forEach(Unknown Source)
... Removed 27 stack frames]]>
    </failure>
  </testcase> <!-- weatherSearch -->
</testsuite> <!-- WeatherSearchByCityTest -->
