<?xml version="1.0" encoding="UTF-8"?>
<testng-results skipped="0" failed="0" ignored="0" total="1" passed="1">
  <reporter-output>
  </reporter-output>
  <suite name="Default suite" duration-ms="9209" started-at="2022-02-17T17:36:04Z" finished-at="2022-02-17T17:36:14Z">
    <groups>
    </groups>
    <test name="Default test" duration-ms="9209" started-at="2022-02-17T17:36:04Z" finished-at="2022-02-17T17:36:14Z">
      <class name="testcases.WeatherSearchByCityTest">
        <test-method status="PASS" signature="weatherSearch()[pri:0, instance:testcases.WeatherSearchByCityTest@20322d26]" name="weatherSearch" duration-ms="9149" started-at="2022-02-17T17:36:04Z" finished-at="2022-02-17T17:36:14Z">
          <reporter-output>
          </reporter-output>
        </test-method> <!-- weatherSearch -->
      </class> <!-- testcases.WeatherSearchByCityTest -->
    </test> <!-- Default test -->
  </suite> <!-- Default suite -->
</testng-results>
